MFU_18_MFU-IFH 24,0Nm 7%_14.05.2024.pdf
MFU_39_MFU-IFH 24,0Nm 7%_14.05.2024.pdf
MFU_MFU-IFH 12,0Nm 7%_A3851141_13.05.2024.pdf
MFU_MFU-IFH 12,0Nm 7%_A3851143_13.05.2024.pdf
MFU_MFU-IFH 12,0Nm 7%_A3860004_13.05.2024.pdf
MFU_MFU-IFH 12,0Nm 7%_A3860005_13.05.2024.pdf
MFU_MFU-IFH 12,0Nm 7%_C4391057_15.05.2024.pdf
MFU_MFU-IFH 12,0Nm 7%_C4391058_15.05.2024.pdf
MFU_MFU-IFH 12,0Nm 7%_C4391073_15.05.2024.pdf
MFU_MFU-IFH 12,0Nm 7%_C4391436_14.05.2024.pdf
MFU_MFU-IFH 12,0Nm 7%_C4391437_16.05.2024.pdf
MFU_MFU-IFH 12,0Nm 7%_C4391439_16.05.2024.pdf
MFU_MFU-IFH 12,0Nm 7%_C4391440_15.05.2024.pdf
MFU_MFU-IFH 12,0Nm 7%_C5550939_13.05.2024.pdf
MFU_MFU-IFH 12,0Nm 7%_C5550940_14.05.2024.pdf
MFU_MFU-IFH 24,0Nm 7%_A3672103_14.05.2024.pdf
MFU_MFU-IFH 24,0Nm 7%_A3680492_14.05.2024.pdf
MFU_MFU-IFH 24,0Nm 7%_A4540738_14.05.2024.pdf
MFU_MFU-IFH 24,0Nm 7%_C3811579_17.05.2024.pdf
MFU_MFU-IFH 24,0Nm 7%_C3830297_13.05.2024.pdf
MFU_MFU-IFH 24,0Nm 7%_C3830298_13.05.2024.pdf
MFU_MFU-IFH 24,0Nm 7%_C3830301_14.05.2024.pdf
MFU_MFU-IFH 24,0Nm 7%_C3830302_13.05.2024.pdf
MFU_MFU-IFH 24,0Nm 7%_C5612072_14.05.2024.pdf
MFU_MFU-IFH 4,0Nm 7%_C4431336_02.05.2024.pdf
MFU_MFU-IFH 4,0Nm 7%_C4431337_14.05.2024.pdf
MFU_MFU-IFH 4,0Nm 7%_C4451111_13.05.2024.pdf
MFU_MFU-IFH 4,0Nm 7%_C4451112_13.05.2024.pdf
MFU_MFU-IFH 4,0Nm 7%_C4451115_02.05.2024.pdf
MFU_MFU-IFH 4,0Nm 7%_C4451116_02.05.2024.pdf
MFU_MFU-IFH 4,0Nm 7%_C4451117_02.05.2024.pdf
MFU_MFU-IFH 4,0Nm 7%_C4451118_13.05.2024.pdf
MFU_MFU-IFH 4,0Nm 7%_C4451119_02.05.2024.pdf
MFU_MFU-IFH 4,0Nm 7%_C4451120_13.05.2024.pdf
MFU_MFU-IFH 4,0Nm 7%_C4451121_13.05.2024.pdf
MFU_MFU-IFH 4,0Nm 7%_C4451122_02.05.2024.pdf
MFU_MFU-IFH 4,0Nm 7%_C5391243_13.05.2024.pdf
MFU_MFU-IFH 4,8Nm 7%_A3671289_13.05.2024.pdf
MFU_MFU-IFH 4,8Nm 7%_A3671293_13.05.2024.pdf
MFU_MFU-IFH 4,8Nm 7%_A3671293_14.05.2024.pdf
MFU_MFU-IFH 4,8Nm 7%_A4461165_13.05.2024.pdf
MFU_MFU-IFH 4,8Nm 7%_A4461168_23.05.2024.pdf
MFU_MFU-IFH 4,8Nm 7%_A4501994_14.05.2024.pdf
MFU_MFU-IFH 4,8Nm 7%_A4510296_13.05.2024.pdf
MFU_MFU-IFH 4,8Nm 7%_A4510304_13.05.2024.pdf
MFU_MFU-IFH 8,0Nm 7%_A5531109_13.05.2024.pdf
MFU_MFU-IFH 8,0Nm 7%_A5532377_13.05.2024.pdf
MFU_MFU-IFH 8,0Nm 7%_A5551330_14.05.2024.pdf
MFU_MFU-IFH 8,0Nm 7%_A5551331_13.05.2024.pdf
MFU_MFU-IFH 8,0Nm 7%_F4802502_16.05.2024.pdf
MFU_B001_A5551330_14.05.2024.pdf
MFU_B003_A4461168_23.05.2024.pdf
MFU_B005_A4501994_14.05.2024.pdf
MFU_B006_A3671293_13.05.2024.pdf
MFU_B006_A3671293_14.05.2024.pdf
MFU_B008_A3671289_13.05.2024.pdf
MFU_B009_A4510304_13.05.2024.pdf
MFU_B010_A4461165_13.05.2024.pdf
MFU_B011_A4510296_13.05.2024.pdf
MFU_B012_A5531109_13.05.2024.pdf
MFU_B013_A3860004_13.05.2024.pdf
MFU_B014_A3851143_13.05.2024.pdf
MFU_B016_A3851141_13.05.2024.pdf
MFU_B017_A3860005_13.05.2024.pdf
MFU_B018_A4540738_14.05.2024.pdf
MFU_B019_A3672103_14.05.2024.pdf
MFU_B020_A3680492_14.05.2024.pdf
MFU_B025_A5532377_13.05.2024.pdf
MFU_B029_A5551331_13.05.2024.pdf
MFU_C002_C4451119_02.05.2024.pdf
MFU_C003_C4451116_02.05.2024.pdf
MFU_C004_C4451122_02.05.2024.pdf
MFU_C005_C4451117_02.05.2024.pdf
MFU_C006_C4451111_13.05.2024.pdf
MFU_C007_C4451115_02.05.2024.pdf
MFU_C008_C4451120_13.05.2024.pdf
MFU_C009_C4431337_14.05.2024.pdf
MFU_C010_C4451121_13.05.2024.pdf
MFU_C011_C4451112_13.05.2024.pdf
MFU_C012_C4451118_13.05.2024.pdf
MFU_C013_F4802502_16.05.2024.pdf
MFU_C014_C5391243_13.05.2024.pdf
MFU_C015_C4391058_15.05.2024.pdf
MFU_C017_C4391439_16.05.2024.pdf
MFU_C018_C4391057_15.05.2024.pdf
MFU_C019_C4391440_15.05.2024.pdf
MFU_C020_C4391436_14.05.2024.pdf
MFU_C021_C5550940_14.05.2024.pdf
MFU_C022_C4391073_15.05.2024.pdf
MFU_C023_C4391437_16.05.2024.pdf
MFU_C025_C3830297_13.05.2024.pdf
MFU_C026_C3830298_13.05.2024.pdf
MFU_C027_C3830301_14.05.2024.pdf
MFU_C028_C3830302_13.05.2024.pdf
MFU_C029_C3811579_17.05.2024.pdf
MFU_C031_C5550939_13.05.2024.pdf
MFU_C032_C4431336_02.05.2024.pdf
MFU_C033_C5612072_14.05.2024.pdf
